<?xml version="1.0" encoding="UTF-8"?>
<!-- Generated by org.testng.reporters.JUnitReportReporter -->
<testsuite skipped="0" hostname="ARPGL001523" name="restAssuredProject.UserRegistrationSuccessful" tests="1" failures="0" timestamp="21 Mar 2023 08:41:01 GMT" time="2.806" errors="0">
  <testcase name="UserRegistrationSuccessful" time="2.806" classname="restAssuredProject.UserRegistrationSuccessful"/>
</testsuite> <!-- restAssuredProject.UserRegistrationSuccessful -->
