<?xml version="1.0" encoding="UTF-8"?>
<!-- Generated by org.testng.reporters.JUnitReportReporter -->
<testsuite skipped="0" hostname="ARPGL001523" name="restAssuredProject.RestAssuredAPITest" tests="1" failures="0" timestamp="16 Mar 2023 10:08:05 GMT" time="3.243" errors="0">
  <testcase name="GetBooksDetails" time="3.243" classname="restAssuredProject.RestAssuredAPITest"/>
</testsuite> <!-- restAssuredProject.RestAssuredAPITest -->
