<?xml version="1.0" encoding="UTF-8"?>
<!-- Generated by org.testng.reporters.JUnitReportReporter -->
<testsuite skipped="0" hostname="ARPGL001523" name="tests.PutPatchDeleteExamples" tests="3" failures="0" timestamp="20 Apr 2023 08:53:47 GMT" time="4.313" errors="0">
  <testcase name="testPut" time="0.523" classname="tests.PutPatchDeleteExamples"/>
  <testcase name="testPatch" time="0.711" classname="tests.PutPatchDeleteExamples"/>
  <testcase name="testDelete" time="3.079" classname="tests.PutPatchDeleteExamples"/>
</testsuite> <!-- tests.PutPatchDeleteExamples -->
