<?xml version="1.0" encoding="UTF-8"?>
<!-- Generated by org.testng.reporters.JUnitReportReporter -->
<testsuite skipped="0" hostname="ARPGL001523" name="tests.TestExamples" tests="2" failures="0" timestamp="18 Apr 2023 12:46:23 GMT" time="2.863" errors="0">
  <testcase name="test_2" time="0.129" classname="tests.TestExamples"/>
  <testcase name="test_1" time="2.734" classname="tests.TestExamples"/>
</testsuite> <!-- tests.TestExamples -->
