<?xml version="1.0" encoding="UTF-8"?>
<!-- Generated by org.testng.reporters.JUnitReportReporter -->
<testsuite skipped="0" hostname="ARPGL001523" name="tests.GetAndPostExamples" tests="2" failures="0" timestamp="19 Apr 2023 11:31:02 GMT" time="4.734" errors="0">
  <testcase name="testGet" time="3.896" classname="tests.GetAndPostExamples"/>
  <testcase name="testPost" time="0.838" classname="tests.GetAndPostExamples"/>
</testsuite> <!-- tests.GetAndPostExamples -->
